This is pdfTeX, Version 3.1415926-2.3-1.40.12 (MiKTeX 2.9) (preloaded format=pdflatex 2016.3.30)  26 OCT 2016 18:04
entering extended mode
**main.tex

("D:\roming vault\Log\life\jobs\ÂçóÁßëÂ§ß\‰º†ËæìÁé∞Ë±°Âä©Êïô\transfer-TA\proble
ms\main.tex"
LaTeX2e <2011/06/27>
Babel <v3.8m> and hyphenation patterns for english, afrikaans, ancientgreek, ar
abic, armenian, assamese, basque, bengali, bokmal, bulgarian, catalan, coptic, 
croatian, czech, danish, dutch, esperanto, estonian, farsi, finnish, french, ga
lician, german, german-x-2009-06-19, greek, gujarati, hindi, hungarian, iceland
ic, indonesian, interlingua, irish, italian, kannada, kurmanji, lao, latin, lat
vian, lithuanian, malayalam, marathi, mongolian, mongolianlmc, monogreek, ngerm
an, ngerman-x-2009-06-19, nynorsk, oriya, panjabi, pinyin, polish, portuguese, 
romanian, russian, sanskrit, serbian, slovak, slovenian, spanish, swedish, swis
sgerman, tamil, telugu, turkish, turkmen, ukenglish, ukrainian, uppersorbian, u
senglishmax, welsh, loaded.
("D:\Program Files\CTEX\MiKTeX\tex\latex\ctex\ctexart.cls"
Document Class: ctexart 2011/03/11 v1.02c ctexart document class
("D:\Program Files\CTEX\MiKTeX\tex\latex\ctex\opt\ctex-common-opts.def")
("D:\Program Files\CTEX\MiKTeX\tex\latex\ctex\opt\ctex-caption-opts.def"
\c@CTEX@sectiondepth=\count79
)
("D:\Program Files\CTEX\MiKTeX\tex\latex\ctex\opt\ctex-class-opts.def")
("D:\Program Files\CTEX\CTeX\tex\latex\ctex\cfg\ctexopts.cfg")
("D:\Program Files\CTEX\MiKTeX\tex\latex\ctex\def\ctex-loadclass.def"
("D:\Program Files\CTEX\MiKTeX\tex\latex\base\article.cls"
Document Class: article 2007/10/19 v1.4h Standard LaTeX document class
("D:\Program Files\CTEX\MiKTeX\tex\latex\base\size10.clo"
File: size10.clo 2007/10/19 v1.4h Standard LaTeX file (size option)
)
\c@part=\count80
\c@section=\count81
\c@subsection=\count82
\c@subsubsection=\count83
\c@paragraph=\count84
\c@subparagraph=\count85
\c@figure=\count86
\c@table=\count87
\abovecaptionskip=\skip41
\belowcaptionskip=\skip42
\bibindent=\dimen102
))
("D:\Program Files\CTEX\MiKTeX\tex\latex\ctex\def\ctex-common.def"
("D:\Program Files\CTEX\MiKTeX\tex\latex\l3kernel\expl3.sty"
("D:\Program Files\CTEX\MiKTeX\tex\latex\l3kernel\l3names.sty"
("D:\Program Files\CTEX\MiKTeX\tex\latex\l3kernel\l3bootstrap.sty"
Package: l3bootstrap 2011/12/29 v3110 L3 Experimental bootstrap code
)
Package: l3names 2011/12/30 v3113 L3 Experimental namespace for primitives
)
("D:\Program Files\CTEX\MiKTeX\tex\latex\misc\etex.sty"
Package: etex 1998/03/26 v2.0 eTeX basic definition package (PEB)
\et@xins=\count88
)
Package: expl3 2012/02/26 v3471 L3 Experimental code bundle wrapper

("D:\Program Files\CTEX\MiKTeX\tex\latex\graphics\color.sty"
Package: color 2005/11/14 v1.0j Standard LaTeX Color (DPC)

("D:\Program Files\CTEX\MiKTeX\tex\latex\00miktex\color.cfg"
File: color.cfg 2007/01/18 v1.5 color configuration of teTeX/TeXLive
)
Package color Info: Driver file: pdftex.def on input line 130.

("D:\Program Files\CTEX\MiKTeX\tex\latex\pdftex-def\pdftex.def"
File: pdftex.def 2011/05/27 v0.06d Graphics/color for pdfTeX

("D:\Program Files\CTEX\MiKTeX\tex\generic\oberdiek\infwarerr.sty"
Package: infwarerr 2010/04/08 v1.3 Providing info/warning/message (HO)
)
("D:\Program Files\CTEX\MiKTeX\tex\generic\oberdiek\ltxcmds.sty"
Package: ltxcmds 2011/04/18 v1.20 LaTeX kernel commands for general use (HO)
)
\Gread@gobject=\count89
))
("D:\Program Files\CTEX\MiKTeX\tex\latex\graphics\graphics.sty"
Package: graphics 2009/02/05 v1.0o Standard LaTeX Graphics (DPC,SPQR)

("D:\Program Files\CTEX\MiKTeX\tex\latex\graphics\trig.sty"
Package: trig 1999/03/16 v1.09 sin cos tan (DPC)
)
("D:\Program Files\CTEX\MiKTeX\tex\latex\00miktex\graphics.cfg"
File: graphics.cfg 2007/01/18 v1.5 graphics configuration of teTeX/TeXLive
)
Package graphics Info: Driver file: pdftex.def on input line 91.
)
("D:\Program Files\CTEX\MiKTeX\tex\latex\l3kernel\l3basics.sty"
Package: l3basics 2012/02/26 v3460 L3 Experimental basic definitions
)
("D:\Program Files\CTEX\MiKTeX\tex\latex\l3kernel\l3expan.sty"
Package: l3expan 2012/02/26 v3460 L3 Experimental argument expansion
)
("D:\Program Files\CTEX\MiKTeX\tex\latex\l3kernel\l3tl.sty"
Package: l3tl 2012/02/26 v3460 L3 Experimental token lists
)
("D:\Program Files\CTEX\MiKTeX\tex\latex\l3kernel\l3seq.sty"
Package: l3seq 2012/01/09 v3158 L3 Experimental sequences and stacks
)
("D:\Program Files\CTEX\MiKTeX\tex\latex\l3kernel\l3int.sty"
Package: l3int 2012/02/26 v3460 L3 Experimental integers
\c_max_int=\count90
\l_tmpa_int=\count91
\l_tmpb_int=\count92
\l_tmpc_int=\count93
\g_tmpa_int=\count94
\g_tmpb_int=\count95
)
("D:\Program Files\CTEX\MiKTeX\tex\latex\l3kernel\l3quark.sty"
Package: l3quark 2012/02/12 v3384 L3 Experimental quarks
)
("D:\Program Files\CTEX\MiKTeX\tex\latex\l3kernel\l3prg.sty"
Package: l3prg 2012/02/26 v3464 L3 Experimental control structures
\g_prg_map_int=\count96
)
("D:\Program Files\CTEX\MiKTeX\tex\latex\l3kernel\l3clist.sty"
Package: l3clist 2012/02/26 v3460 L3 Experimental comma separated lists
)
("D:\Program Files\CTEX\MiKTeX\tex\latex\l3kernel\l3token.sty"
Package: l3token 2012/02/26 v3460 L3 Experimental token manipulation
)
("D:\Program Files\CTEX\MiKTeX\tex\latex\l3kernel\l3prop.sty"
Package: l3prop 2012/02/26 v3460 L3 Experimental property lists
)
("D:\Program Files\CTEX\MiKTeX\tex\latex\l3kernel\l3msg.sty"
Package: l3msg 2012/02/26 v3470 L3 Experimental messages
)
("D:\Program Files\CTEX\MiKTeX\tex\latex\l3kernel\l3file.sty"
Package: l3file 2012/02/26 v3464 L3 Experimental file and I/O operations
\l_iow_stream_int=\count97
\l_iow_line_length_int=\count98
\l_iow_target_length_int=\count99
\l_iow_current_line_int=\count100
\l_iow_current_word_int=\count101
\l_iow_current_indentation_int=\count102
)
("D:\Program Files\CTEX\MiKTeX\tex\latex\l3kernel\l3skip.sty"
Package: l3skip 2012/02/26 v3460 L3 Experimental dimensions and skips
\l_tmpa_dim=\dimen103
\l_tmpb_dim=\dimen104
\l_tmpc_dim=\dimen105
\g_tmpa_dim=\dimen106
\g_tmpb_dim=\dimen107
\l_tmpa_skip=\skip43
\l_tmpb_skip=\skip44
\l_tmpc_skip=\skip45
\g_tmpa_skip=\skip46
\g_tmpb_skip=\skip47
)
("D:\Program Files\CTEX\MiKTeX\tex\latex\l3kernel\l3keys.sty"
Package: l3keys 2011/12/22 v3086 L3 Experimental key-value interfaces
\g_keyval_level_int=\count103
\l_keys_choice_int=\count104
)
("D:\Program Files\CTEX\MiKTeX\tex\latex\l3kernel\l3fp.sty"
Package: l3fp 2012/02/06 v3315 L3 Experimental floating-point operations
\c_one_million=\count105
\c_one_hundred_million=\count106
\c_five_hundred_million=\count107
\c_one_thousand_million=\count108
\c_fp_pi_by_four_decimal_int=\count109
\c_fp_pi_by_four_extended_int=\count110
\c_fp_pi_decimal_int=\count111
\c_fp_pi_extended_int=\count112
\c_fp_two_pi_decimal_int=\count113
\c_fp_two_pi_extended_int=\count114
\l_fp_count_int=\count115
\l_fp_div_offset_int=\count116
\l_fp_exp_integer_int=\count117
\l_fp_exp_decimal_int=\count118
\l_fp_exp_extended_int=\count119
\l_fp_exp_exponent_int=\count120
\l_fp_input_a_sign_int=\count121
\l_fp_input_a_integer_int=\count122
\l_fp_input_a_decimal_int=\count123
\l_fp_input_a_exponent_int=\count124
\l_fp_input_b_sign_int=\count125
\l_fp_input_b_integer_int=\count126
\l_fp_input_b_decimal_int=\count127
\l_fp_input_b_exponent_int=\count128
\l_fp_input_a_extended_int=\count129
\l_fp_input_b_extended_int=\count130
\l_fp_mul_a_i_int=\count131
\l_fp_mul_a_ii_int=\count132
\l_fp_mul_a_iii_int=\count133
\l_fp_mul_a_iv_int=\count134
\l_fp_mul_a_v_int=\count135
\l_fp_mul_a_vi_int=\count136
\l_fp_mul_b_i_int=\count137
\l_fp_mul_b_ii_int=\count138
\l_fp_mul_b_iii_int=\count139
\l_fp_mul_b_iv_int=\count140
\l_fp_mul_b_v_int=\count141
\l_fp_mul_b_vi_int=\count142
\l_fp_mul_output_int=\count143
\l_fp_output_sign_int=\count144
\l_fp_output_integer_int=\count145
\l_fp_output_decimal_int=\count146
\l_fp_output_exponent_int=\count147
\l_fp_output_extended_int=\count148
\l_fp_round_position_int=\count149
\l_fp_round_target_int=\count150
\l_fp_split_sign_int=\count151
\l_fp_internal_int=\count152
\l_fp_trig_octant_int=\count153
\l_fp_trig_sign_int=\count154
\l_fp_trig_decimal_int=\count155
\l_fp_trig_extended_int=\count156
\l_fp_internal_dim=\dimen108
\l_fp_internal_skip=\skip48
)
("D:\Program Files\CTEX\MiKTeX\tex\latex\l3kernel\l3box.sty"
Package: l3box 2012/02/18 v3432 L3 Experimental boxes
\l_tmpb_box=\box26
\l_box_top_dim=\dimen109
\l_box_bottom_dim=\dimen110
\l_box_left_dim=\dimen111
\l_box_right_dim=\dimen112
\l_box_top_new_dim=\dimen113
\l_box_bottom_new_dim=\dimen114
\l_box_left_new_dim=\dimen115
\l_box_right_new_dim=\dimen116
\l_box_internal_box=\box27
)
("D:\Program Files\CTEX\MiKTeX\tex\latex\l3kernel\l3coffins.sty"
Package: l3coffins 2012/02/26 v3460 L3 Experimental coffin code layer
\l_coffin_internal_box=\box28
\l_coffin_internal_dim=\dimen117
\l_coffin_offset_x_dim=\dimen118
\l_coffin_offset_y_dim=\dimen119
\l_coffin_x_dim=\dimen120
\l_coffin_y_dim=\dimen121
\l_coffin_x_prime_dim=\dimen122
\l_coffin_y_prime_dim=\dimen123
\l_coffin_Depth_dim=\dimen124
\l_coffin_Height_dim=\dimen125
\l_coffin_TotalHeight_dim=\dimen126
\l_coffin_Width_dim=\dimen127
\c_empty_coffin=\box29
\l_coffin_aligned_coffin=\box30
\l_coffin_aligned_internal_coffin=\box31
\l_coffin_bounding_shift_dim=\dimen128
\l_coffin_left_corner_dim=\dimen129
\l_coffin_right_corner_dim=\dimen130
\l_coffin_bottom_corner_dim=\dimen131
\l_coffin_top_corner_dim=\dimen132
\l_coffin_scaled_total_height_dim=\dimen133
\l_coffin_scaled_width_dim=\dimen134
\l_coffin_display_coffin=\box32
\l_coffin_display_coord_coffin=\box33
\l_coffin_display_pole_coffin=\box34
\l_coffin_display_offset_dim=\dimen135
\l_coffin_display_x_dim=\dimen136
\l_coffin_display_y_dim=\dimen137
)
("D:\Program Files\CTEX\MiKTeX\tex\latex\l3kernel\l3color.sty"
Package: l3color 2011/09/07 v2776 L3 Experimental colour support
)
("D:\Program Files\CTEX\MiKTeX\tex\latex\l3kernel\l3luatex.sty"
Package: l3luatex 2012/02/09 v3355 L3 Experimental LuaTeX-specific functions
\g_cctab_allocate_int=\count157
\g_cctab_stack_int=\count158
))
("D:\Program Files\CTEX\MiKTeX\tex\latex\etoolbox\etoolbox.sty"
Package: etoolbox 2011/01/03 v2.1 e-TeX tools for LaTeX
\etb@tempcnta=\count159
)
("D:\Program Files\CTEX\MiKTeX\tex\generic\oberdiek\ifpdf.sty"
Package: ifpdf 2011/01/30 v2.3 Provides the ifpdf switch (HO)
Package ifpdf Info: pdfTeX in PDF mode is detected.
)
("D:\Program Files\CTEX\MiKTeX\tex\generic\ifxetex\ifxetex.sty"
Package: ifxetex 2010/09/12 v0.6 Provides ifxetex conditional
)
("D:\Program Files\CTEX\MiKTeX\tex\latex\graphics\keyval.sty"
Package: keyval 1999/03/16 v1.13 key=value parser (DPC)
\KV@toks@=\toks14
)
("D:\Program Files\CTEX\MiKTeX\tex\latex\tools\indentfirst.sty"
Package: indentfirst 1995/11/23 v1.03 Indent first paragraph (DPC)
)
("D:\Program Files\CTEX\MiKTeX\tex\latex\base\fix-cm.sty"
Package: fix-cm 2006/09/13 v1.1m fixes to LaTeX

("D:\Program Files\CTEX\MiKTeX\tex\latex\base\ts1enc.def"
File: ts1enc.def 2001/06/05 v3.0e (jk/car/fm) Standard LaTeX file
))
("D:\Program Files\CTEX\MiKTeX\tex\latex\ctex\engine\ctex-cjk-engine.def"
("D:\Program Files\CTEX\MiKTeX\tex\latex\cjk\CJK.sty"
Package: CJK 2008/12/29 4.8.2

("D:\Program Files\CTEX\MiKTeX\tex\latex\cjk\mule\MULEenc.sty"
Package: MULEenc 2008/12/29 4.8.2
)
("D:\Program Files\CTEX\MiKTeX\tex\latex\cjk\CJK.enc"
File: CJK.enc 2008/12/29 4.8.2
)
LaTeX Info: Redefining \selectfont on input line 756.
\CJK@indent=\box35
)
("D:\Program Files\CTEX\CTeX\tex\latex\CJKpunct\CJKpunct.sty"
Package: CJKpunct 2010/02/21 4.8.2-2
\CJKpunct@cnta=\count160
\CJKpunct@cntb=\count161
\CJKpunct@cntc=\count162
\CJKpunct@cntd=\count163
\CJKpunct@cnte=\count164

("D:\Program Files\CTEX\CTeX\tex\latex\CJKpunct\CJKpunct.spa"))
("D:\Program Files\CTEX\MiKTeX\tex\latex\ctex\engine\ctex-cjk-common.def"
\ccwd=\dimen138
)
("D:\Program Files\CTEX\MiKTeX\tex\latex\ctex\fontset\ctex-cjk-winfonts.def"
("D:\Program Files\CTEX\MiKTeX\tex\generic\zhmetrics\zhwinfonts.tex"
("D:\Program Files\CTEX\MiKTeX\tex\generic\oberdiek\ifpdf.sty"
Package ifpdf Info: The package is already loaded, stopped on input line 64.
){D:/Program Files/CTEX/UserData/pdftex/config/pdftex.map{Unicode.sfd}{UGBK.sfd
}})))
\CTEX@q=\count165
\CTEX@r=\count166
)
("D:\Program Files\CTEX\MiKTeX\tex\latex\ctex\def\ctex-caption.def")
("D:\Program Files\CTEX\MiKTeX\tex\latex\ctex\def\ctex-class.def")
("D:\Program Files\CTEX\MiKTeX\tex\latex\ctex\def\ctex-article.def"))
("D:\Program Files\CTEX\MiKTeX\tex\latex\ctex\def\ctex-gbk.def")
("D:\Program Files\CTEX\MiKTeX\tex\latex\ctex\cfg\ctexcap.cfg"
("D:\Program Files\CTEX\MiKTeX\tex\latex\ctex\cfg\ctexcap-gbk.cfg"))
("D:\Program Files\CTEX\MiKTeX\tex\latex\ctex\cfg\ctex.cfg")
("D:\Program Files\CTEX\MiKTeX\tex\latex\ams\math\amsmath.sty"
Package: amsmath 2000/07/18 v2.13 AMS math features
\@mathmargin=\skip49

For additional information on amsmath, use the `?' option.
("D:\Program Files\CTEX\MiKTeX\tex\latex\ams\math\amstext.sty"
Package: amstext 2000/06/29 v2.01

("D:\Program Files\CTEX\MiKTeX\tex\latex\ams\math\amsgen.sty"
File: amsgen.sty 1999/11/30 v2.0
\@emptytoks=\toks15
\ex@=\dimen139
))
("D:\Program Files\CTEX\MiKTeX\tex\latex\ams\math\amsbsy.sty"
Package: amsbsy 1999/11/29 v1.2d
\pmbraise@=\dimen140
)
("D:\Program Files\CTEX\MiKTeX\tex\latex\ams\math\amsopn.sty"
Package: amsopn 1999/12/14 v2.01 operator names
)
\inf@bad=\count167
LaTeX Info: Redefining \frac on input line 211.
\uproot@=\count168
\leftroot@=\count169
LaTeX Info: Redefining \overline on input line 307.
\classnum@=\count170
\DOTSCASE@=\count171
LaTeX Info: Redefining \ldots on input line 379.
LaTeX Info: Redefining \dots on input line 382.
LaTeX Info: Redefining \cdots on input line 467.
\Mathstrutbox@=\box36
\strutbox@=\box37
\big@size=\dimen141
LaTeX Font Info:    Redeclaring font encoding OML on input line 567.
LaTeX Font Info:    Redeclaring font encoding OMS on input line 568.
\macc@depth=\count172
\c@MaxMatrixCols=\count173
\dotsspace@=\muskip10
\c@parentequation=\count174
\dspbrk@lvl=\count175
\tag@help=\toks16
\row@=\count176
\column@=\count177
\maxfields@=\count178
\andhelp@=\toks17
\eqnshift@=\dimen142
\alignsep@=\dimen143
\tagshift@=\dimen144
\tagwidth@=\dimen145
\totwidth@=\dimen146
\lineht@=\dimen147
\@envbody=\toks18
\multlinegap=\skip50
\multlinetaggap=\skip51
\mathdisplay@stack=\toks19
LaTeX Info: Redefining \[ on input line 2666.
LaTeX Info: Redefining \] on input line 2667.
)
("D:\Program Files\CTEX\MiKTeX\tex\latex\amsfonts\amssymb.sty"
Package: amssymb 2009/06/22 v3.00

("D:\Program Files\CTEX\MiKTeX\tex\latex\amsfonts\amsfonts.sty"
Package: amsfonts 2009/06/22 v3.00 Basic AMSFonts support
\symAMSa=\mathgroup4
\symAMSb=\mathgroup5
LaTeX Font Info:    Overwriting math alphabet `\mathfrak' in version `bold'
(Font)                  U/euf/m/n --> U/euf/b/n on input line 96.
))
("D:\Program Files\CTEX\MiKTeX\tex\latex\natbib\natbib.sty"
Package: natbib 2010/09/13 8.31b (PWD, AO)
\bibhang=\skip52
\bibsep=\skip53
LaTeX Info: Redefining \cite on input line 694.
\c@NAT@ctr=\count179
)
("D:\Program Files\CTEX\MiKTeX\tex\latex\graphics\graphicx.sty"
Package: graphicx 1999/02/16 v1.0f Enhanced LaTeX Graphics (DPC,SPQR)
\Gin@req@height=\dimen148
\Gin@req@width=\dimen149
)
("D:\Program Files\CTEX\MiKTeX\tex\latex\caption\caption.sty"
Package: caption 2011/11/10 v3.2e Customizing captions (AR)

("D:\Program Files\CTEX\MiKTeX\tex\latex\caption\caption3.sty"
Package: caption3 2011/11/01 v1.4a caption3 kernel (AR)
\captionmargin=\dimen150
\captionmargin@=\dimen151
\captionwidth=\dimen152
\caption@indent=\dimen153
\caption@parindent=\dimen154
\caption@hangindent=\dimen155
Package caption Info: Unknown document class (or package),
(caption)             standard defaults will be used.
)

Package caption Warning: Unsupported document class (or package) detected,
(caption)                usage of the caption package is not recommended.
See the caption package documentation for explanation.

Package caption Info: \@makecaption = \long macro:#1#2->\vskip \abovecaptionski
p \sbox \@tempboxa {#1\CTEX@caption@delimiter #2}\ifdim \wd \@tempboxa >\hsize 
#1\CTEX@caption@delimiter #2\par \else \global \@minipagefalse \hb@xt@ \hsize {
\hfil \box \@tempboxa \hfil }\fi \vskip \belowcaptionskip .
\c@ContinuedFloat=\count180
) ("D:\Program Files\CTEX\MiKTeX\tex\latex\caption\subcaption.sty"
Package: subcaption 2011/10/30 v1.1c Sub-captions (AR)
\c@subfigure=\count181
\c@subtable=\count182
)
("D:\Program Files\CTEX\MiKTeX\tex\latex\asymptote.sty"
Package: asymptote 2015/05/10 v1.29 Asymptote style file for LaTeX

("D:\roming vault\Log\life\jobs\ÂçóÁßëÂ§ß\‰º†ËæìÁé∞Ë±°Âä©Êïô\transfer-TA\proble
ms\main.pre")
\ASYbox=\box38
\c@asy=\count183
\AsyStream=\write3
\AsyPreStream=\write4
 ("D:\Program Files\CTEX\MiKTeX\tex\latex\base\ifthen.sty"
Package: ifthen 2001/05/26 v1.1c Standard LaTeX ifthen package (DPC)
)
("D:\Program Files\CTEX\MiKTeX\tex\generic\oberdiek\catchfile.sty"
Package: catchfile 2011/03/01 v1.6 Catches the contents of a file (HO)

("D:\Program Files\CTEX\MiKTeX\tex\generic\oberdiek\etexcmds.sty"
Package: etexcmds 2011/02/16 v1.5 Prefix for e-TeX command names (HO)

("D:\Program Files\CTEX\MiKTeX\tex\generic\oberdiek\ifluatex.sty"
Package: ifluatex 2010/03/01 v1.3 Provides the ifluatex switch (HO)
Package ifluatex Info: LuaTeX not detected.
)
Package etexcmds Info: Could not find \expanded.
(etexcmds)             That can mean that you are not using pdfTeX 1.50 or
(etexcmds)             that some package has redefined \expanded.
(etexcmds)             In the latter case, load this package earlier.
)))
("D:\roming vault\Log\life\jobs\ÂçóÁßëÂ§ß\‰º†ËæìÁé∞Ë±°Âä©Êïô\transfer-TA\proble
ms\main.aux")
LaTeX Font Info:    Checking defaults for OML/cmm/m/it on input line 15.
LaTeX Font Info:    ... okay on input line 15.
LaTeX Font Info:    Checking defaults for T1/cmr/m/n on input line 15.
LaTeX Font Info:    ... okay on input line 15.
LaTeX Font Info:    Checking defaults for OT1/cmr/m/n on input line 15.
LaTeX Font Info:    ... okay on input line 15.
LaTeX Font Info:    Checking defaults for OMS/cmsy/m/n on input line 15.
LaTeX Font Info:    ... okay on input line 15.
LaTeX Font Info:    Checking defaults for OMX/cmex/m/n on input line 15.
LaTeX Font Info:    ... okay on input line 15.
LaTeX Font Info:    Checking defaults for U/cmr/m/n on input line 15.
LaTeX Font Info:    ... okay on input line 15.
LaTeX Font Info:    Checking defaults for TS1/cmr/m/n on input line 15.
LaTeX Font Info:    ... okay on input line 15.
LaTeX Font Info:    Checking defaults for C00/song/m/n on input line 15.
LaTeX Font Info:    ... okay on input line 15.
LaTeX Font Info:    Checking defaults for C05/song/m/n on input line 15.
LaTeX Font Info:    ... okay on input line 15.
LaTeX Font Info:    Checking defaults for C09/song/m/n on input line 15.
LaTeX Font Info:    ... okay on input line 15.
LaTeX Font Info:    Checking defaults for C10/song/m/n on input line 15.
LaTeX Font Info:    ... okay on input line 15.
LaTeX Font Info:    Checking defaults for C20/song/m/n on input line 15.
LaTeX Font Info:    ... okay on input line 15.
LaTeX Font Info:    Checking defaults for C19/song/m/n on input line 15.
LaTeX Font Info:    ... okay on input line 15.
LaTeX Font Info:    Checking defaults for C40/song/m/n on input line 15.
LaTeX Font Info:    ... okay on input line 15.
LaTeX Font Info:    Checking defaults for C42/song/m/n on input line 15.
LaTeX Font Info:    ... okay on input line 15.
LaTeX Font Info:    Checking defaults for C43/song/m/n on input line 15.
LaTeX Font Info:    ... okay on input line 15.
LaTeX Font Info:    Checking defaults for C50/song/m/n on input line 15.
LaTeX Font Info:    ... okay on input line 15.
LaTeX Font Info:    Checking defaults for C52/song/m/n on input line 15.
LaTeX Font Info:    ... okay on input line 15.
LaTeX Font Info:    Checking defaults for C49/song/m/n on input line 15.
LaTeX Font Info:    ... okay on input line 15.
LaTeX Font Info:    Checking defaults for C60/mj/m/n on input line 15.
LaTeX Font Info:    ... okay on input line 15.
LaTeX Font Info:    Checking defaults for C61/mj/m/n on input line 15.
LaTeX Font Info:    ... okay on input line 15.
LaTeX Font Info:    Checking defaults for C63/mj/m/n on input line 15.
LaTeX Font Info:    ... okay on input line 15.
LaTeX Font Info:    Checking defaults for C64/mj/m/n on input line 15.
LaTeX Font Info:    ... okay on input line 15.
LaTeX Font Info:    Checking defaults for C65/mj/m/n on input line 15.
LaTeX Font Info:    ... okay on input line 15.
LaTeX Font Info:    Checking defaults for C70/song/m/n on input line 15.
LaTeX Font Info:    ... okay on input line 15.
LaTeX Font Info:    Checking defaults for C31/song/m/n on input line 15.
LaTeX Font Info:    ... okay on input line 15.
LaTeX Font Info:    Checking defaults for C32/song/m/n on input line 15.
LaTeX Font Info:    ... okay on input line 15.
LaTeX Font Info:    Checking defaults for C33/song/m/n on input line 15.
LaTeX Font Info:    ... okay on input line 15.
LaTeX Font Info:    Checking defaults for C34/song/m/n on input line 15.
LaTeX Font Info:    ... okay on input line 15.
LaTeX Font Info:    Checking defaults for C35/song/m/n on input line 15.
LaTeX Font Info:    ... okay on input line 15.
LaTeX Font Info:    Checking defaults for C36/song/m/n on input line 15.
LaTeX Font Info:    ... okay on input line 15.
LaTeX Font Info:    Checking defaults for C37/song/m/n on input line 15.
LaTeX Font Info:    ... okay on input line 15.
LaTeX Font Info:    Checking defaults for C80/song/m/n on input line 15.
LaTeX Font Info:    ... okay on input line 15.
LaTeX Font Info:    Checking defaults for C81/song/m/n on input line 15.
LaTeX Font Info:    ... okay on input line 15.
LaTeX Font Info:    Checking defaults for C01/song/m/n on input line 15.
LaTeX Font Info:    ... okay on input line 15.
LaTeX Font Info:    Checking defaults for C11/song/m/n on input line 15.
LaTeX Font Info:    ... okay on input line 15.
LaTeX Font Info:    Checking defaults for C21/song/m/n on input line 15.
LaTeX Font Info:    ... okay on input line 15.
LaTeX Font Info:    Checking defaults for C41/song/m/n on input line 15.
LaTeX Font Info:    ... okay on input line 15.
LaTeX Font Info:    Checking defaults for C62/song/m/n on input line 15.
LaTeX Font Info:    ... okay on input line 15.
 ("D:\Program Files\CTEX\MiKTeX\tex\context\base\supp-pdf.mkii"
[Loading MPS to PDF converter (version 2006.09.02).]
\scratchcounter=\count184
\scratchdimen=\dimen156
\scratchbox=\box39
\nofMPsegments=\count185
\nofMParguments=\count186
\everyMPshowfont=\toks20
\MPscratchCnt=\count187
\MPscratchDim=\dimen157
\MPnumerator=\count188
\makeMPintoPDFobject=\count189
\everyMPtoPDFconversion=\toks21
)
Package caption Info: Begin \AtBeginDocument code.
Package caption Info: End \AtBeginDocument code.
 ("D:\Program Files\CTEX\MiKTeX\tex\latex\cjk\standard.bdg"
File: standard.bdg 2008/12/29 4.8.2
)
("D:\Program Files\CTEX\MiKTeX\tex\latex\cjk\extended.enc"
File: extended.enc 2008/12/29 4.8.2
)
("D:\Program Files\CTEX\MiKTeX\tex\latex\cjk\extended.chr"
File: extended.chr 2008/12/29 4.8.2
)
LaTeX Font Info:    Try loading font information for U+msa on input line 16.

("D:\Program Files\CTEX\MiKTeX\tex\latex\amsfonts\umsa.fd"
File: umsa.fd 2009/06/22 v3.00 AMS symbols A
)
LaTeX Font Info:    Try loading font information for U+msb on input line 16.

("D:\Program Files\CTEX\MiKTeX\tex\latex\amsfonts\umsb.fd"
File: umsb.fd 2009/06/22 v3.00 AMS symbols B
)
LaTeX Font Info:    Try loading font information for C19+rm on input line 20.

("D:\Program Files\CTEX\MiKTeX\tex\latex\ctex\fd\c19rm.fd"
File: c19rm.fd 2007/05/06 v0.8a ctex font definition file
)
<"figs/density at different scales".jpg, id=1, 304.0158pt x 285.7074pt>
File: "figs/density at different scales".jpg Graphic file (type jpg)

<use "figs/density at different scales".jpg>
Package pdftex.def Info: "figs/density at different scales".jpg used on input l
ine 26.
(pdftex.def)             Requested size: 223.999pt x 210.51772pt.
 [1

 <D:/roming vault/Log/life/jobs/ÂçóÁßëÂ§ß/‰º†ËæìÁé∞Ë±°Âä©Êïô/transfer-TA/proble
ms/figs/density at different scales.jpg>] <"figs/strain illustrate".jpg, id=13,
 627.84563pt x 345.54094pt>
File: "figs/strain illustrate".jpg Graphic file (type jpg)

<use "figs/strain illustrate".jpg>
Package pdftex.def Info: "figs/strain illustrate".jpg used on input line 31.
(pdftex.def)             Requested size: 223.999pt x 123.27686pt.

<"figs/paraloid profile at channel".jpg, id=14, 993.7125pt x 343.2825pt>
File: "figs/paraloid profile at channel".jpg Graphic file (type jpg)

<use "figs/paraloid profile at channel".jpg>
Package pdftex.def Info: "figs/paraloid profile at channel".jpg used on input l
ine 42.
(pdftex.def)             Requested size: 223.999pt x 77.38188pt.
Package CJKpunct Info: punctuation spaces for family 'zhsong' do not exist. Use
 family 'def' instead. on input line 72.
 [2 <D:/roming vault/Log/life/jobs/ÂçóÁßëÂ§ß/‰º†ËæìÁé∞Ë±°Âä©Êïô/transfer-TA/pro
blems/figs/strain illustrate.jpg> <D:/roming vault/Log/life/jobs/ÂçóÁßëÂ§ß/‰º†Ë
æìÁé∞Ë±°Âä©Êïô/transfer-TA/problems/figs/paraloid profile at channel.jpg>]
Overfull \hbox (5.18858pt too wide) in paragraph at lines 75--76
[]\OT1/cmr/m/n/10.54 Determine the di-am-e-ter of the glass tube nec-es-sary to
 keep the capillary-
 []

<"figs/conical pivot".jpg, id=22, 210.03468pt x 291.33844pt>
File: "figs/conical pivot".jpg Graphic file (type jpg)

<use "figs/conical pivot".jpg>
Package pdftex.def Info: "figs/conical pivot".jpg used on input line 86.
(pdftex.def)             Requested size: 223.999pt x 310.71103pt.
 [3]
<"figs/What is the pressure".jpg, id=27, 377.15906pt x 278.54062pt>
File: "figs/What is the pressure".jpg Graphic file (type jpg)

<use "figs/What is the pressure".jpg>
Package pdftex.def Info: "figs/What is the pressure".jpg used on input line 103
.
(pdftex.def)             Requested size: 223.999pt x 165.42558pt.
 [4 <D:/roming vault/Log/life/jobs/ÂçóÁßëÂ§ß/‰º†ËæìÁé∞Ë±°Âä©Êïô/transfer-TA/pro
blems/figs/conical pivot.jpg>]
<"figs/baloon car".jpg, id=31, 341.02406pt x 181.42781pt>
File: "figs/baloon car".jpg Graphic file (type jpg)

<use "figs/baloon car".jpg>
Package pdftex.def Info: "figs/baloon car".jpg used on input line 110.
(pdftex.def)             Requested size: 223.999pt x 119.16966pt.

<"figs/beach ball pool".jpg, id=32, 237.13594pt x 176.91093pt>
File: "figs/beach ball pool".jpg Graphic file (type jpg)

<use "figs/beach ball pool".jpg>
Package pdftex.def Info: "figs/beach ball pool".jpg used on input line 117.
(pdftex.def)             Requested size: 223.999pt x 167.11691pt.
 [5 <D:/roming vault/Log/life/jobs/ÂçóÁßëÂ§ß/‰º†ËæìÁé∞Ë±°Âä©Êïô/transfer-TA/pro
blems/figs/What is the pressure.jpg> <D:/roming vault/Log/life/jobs/ÂçóÁßëÂ§ß/‰
º†ËæìÁé∞Ë±°Âä©Êïô/transfer-TA/problems/figs/baloon car.jpg>] <"figs/the circula
r gate".jpg, id=37, 153.57375pt x 248.42813pt>
File: "figs/the circular gate".jpg Graphic file (type jpg)

<use "figs/the circular gate".jpg>
Package pdftex.def Info: "figs/the circular gate".jpg used on input line 124.
(pdftex.def)             Requested size: 223.999pt x 362.37605pt.
 [6 <D:/roming vault/Log/life/jobs/ÂçóÁßëÂ§ß/‰º†ËæìÁé∞Ë±°Âä©Êïô/transfer-TA/pro
blems/figs/beach ball pool.jpg>]
<"figs/open triangular channel".jpg, id=41, 269.50688pt x 166.37157pt>
File: "figs/open triangular channel".jpg Graphic file (type jpg)

<use "figs/open triangular channel".jpg>
Package pdftex.def Info: "figs/open triangular channel".jpg used on input line 
132.
(pdftex.def)             Requested size: 223.999pt x 138.28128pt.
 [7 <D:/roming vault/Log/life/jobs/ÂçóÁßëÂ§ß/‰º†ËæìÁé∞Ë±°Âä©Êïô/transfer-TA/pro
blems/figs/the circular gate.jpg>]
<"figs/inclined dam".jpg, id=46, 257.46187pt x 167.12437pt>
File: "figs/inclined dam".jpg Graphic file (type jpg)

<use "figs/inclined dam".jpg>
Package pdftex.def Info: "figs/inclined dam".jpg used on input line 140.
(pdftex.def)             Requested size: 223.999pt x 145.40721pt.

<"figs/a cubic piece of wood".jpg, id=47, 228.855pt x 114.4275pt>
File: "figs/a cubic piece of wood".jpg Graphic file (type jpg)

<use "figs/a cubic piece of wood".jpg>
Package pdftex.def Info: "figs/a cubic piece of wood".jpg used on input line 15
3.
(pdftex.def)             Requested size: 223.999pt x 112.00374pt.
 [8 <D:/roming vault/Log/life/jobs/ÂçóÁßëÂ§ß/‰º†ËæìÁé∞Ë±°Âä©Êïô/transfer-TA/pro
blems/figs/open triangular channel.jpg> <D:/roming vault/Log/life/jobs/ÂçóÁßëÂ§
ß/‰º†ËæìÁé∞Ë±°Âä©Êïô/transfer-TA/problems/figs/inclined dam.jpg>] [9 <D:/roming
 vault/Log/life/jobs/ÂçóÁßëÂ§ß/‰º†ËæìÁé∞Ë±°Âä©Êïô/transfer-TA/problems/figs/a c
ubic piece of wood.jpg>]
<"figs/James 5-1".jpg, id=56, 563.85657pt x 249.18094pt>
File: "figs/James 5-1".jpg Graphic file (type jpg)

<use "figs/James 5-1".jpg>
Package pdftex.def Info: "figs/James 5-1".jpg used on input line 224.
(pdftex.def)             Requested size: 241.49895pt x 106.72366pt.
 [10 <D:/roming vault/Log/life/jobs/ÂçóÁßëÂ§ß/‰º†ËæìÁé∞Ë±°Âä©Êïô/transfer-TA/pr
oblems/figs/James 5-1.jpg>]
<"figs/the siphon can transport".jpg, id=61, 421.575pt x 188.20313pt>
File: "figs/the siphon can transport".jpg Graphic file (type jpg)

<use "figs/the siphon can transport".jpg>
Package pdftex.def Info: "figs/the siphon can transport".jpg used on input line
 265.
(pdftex.def)             Requested size: 223.999pt x 99.99988pt.
 [11 <D:/roming vault/Log/life/jobs/ÂçóÁßëÂ§ß/‰º†ËæìÁé∞Ë±°Âä©Êïô/transfer-TA/pr
oblems/figs/the siphon can transport.jpg>] <"figs/A fan draws air".jpg, id=67, 
377.15906pt x 182.93344pt>
File: "figs/A fan draws air".jpg Graphic file (type jpg)

<use "figs/A fan draws air".jpg>
Package pdftex.def Info: "figs/A fan draws air".jpg used on input line 271.
(pdftex.def)             Requested size: 223.999pt x 108.64436pt.
 [12 <D:/roming vault/Log/life/jobs/ÂçóÁßëÂ§ß/‰º†ËæìÁé∞Ë±°Âä©Êïô/transfer-TA/pr
oblems/figs/A fan draws air.jpg>]
<"figs/plane poiseuille flow".jpg, id=71, 718.18312pt x 433.62pt>
File: "figs/plane poiseuille flow".jpg Graphic file (type jpg)

<use "figs/plane poiseuille flow".jpg>
Package pdftex.def Info: "figs/plane poiseuille flow".jpg used on input line 30
4.
(pdftex.def)             Requested size: 223.999pt x 135.24126pt.
 [13 <D:/roming vault/Log/life/jobs/ÂçóÁßëÂ§ß/‰º†ËæìÁé∞Ë±°Âä©Êïô/transfer-TA/pr
oblems/figs/plane poiseuille flow.jpg>]
Overfull \hbox (7.70615pt too wide) in paragraph at lines 310--311
[]\C19/rm/m/n/10.54/61 Æ \C19/rm/m/n/10.54/64  \C19/rm/m/n/10.54/51 , \C19/rm/
m/n/10.54/49 6 \C19/rm/m/n/10.54/40 ƒ  \C19/rm/m/n/10.54/58 √ \C19/rm/m/n/10.5
4/48 ˛ \C19/rm/m/n/10.54/42 j \C19/rm/m/n/10.54/44 z\OT1/cmr/m/n/10.54 (nondime
nsionized)\C19/rm/m/n/10.54/44   \C19/rm/m/n/10.54/40  \C19/rm/m/n/10.54/49 6 
\C19/rm/m/n/10.54/57 N \C19/rm/m/n/10.54/47 õ \C19/rm/m/n/10.54/64 õ \C19/rm/m/
n/10.54/41 ê \C19/rm/m/n/10.54/38 ß\OT1/cmr/m/n/10.54 (governing
 []

[14]
("D:\roming vault\Log\life\jobs\ÂçóÁßëÂ§ß\‰º†ËæìÁé∞Ë±°Âä©Êïô\transfer-TA\proble
ms\main.aux") ) 
Here is how much of TeX's memory you used:
 11068 strings out of 494045
 180044 string characters out of 3148017
 215363 words of memory out of 3000000
 14086 multiletter control sequences out of 15000+200000
 23099 words of font info for 84 fonts, out of 3000000 for 9000
 715 hyphenation exceptions out of 8191
 36i,10n,39p,825b,652s stack positions out of 5000i,500n,10000p,200000b,50000s
<C:/WINDOWS/Fonts/simsun.ttc><C:/WINDOWS/Fonts/simsun.ttc><C:/WI
NDOWS/Fonts/simsun.ttc><C:/WINDOWS/Fonts/simsun.ttc><C:/WINDOWS/Fonts/simsun.tt
c><C:/WINDOWS/Fonts/simsun.ttc><C:/WINDOWS/Fonts/simsun.ttc><C:/WINDOWS/Fonts/s
imsun.ttc><C:/WINDOWS/Fonts/simsun.ttc><C:/WINDOWS/Fonts/simsun.ttc><C:/WINDOWS
/Fonts/simsun.ttc><C:/WINDOWS/Fonts/simsun.ttc><C:/WINDOWS/Fonts/simsun.ttc><C:
/WINDOWS/Fonts/simsun.ttc><C:/WINDOWS/Fonts/simsun.ttc><C:/WINDOWS/Fonts/simsun
.ttc><C:/WINDOWS/Fonts/simsun.ttc><C:/WINDOWS/Fonts/simsun.ttc><C:/WINDOWS/Font
s/simsun.ttc><C:/WINDOWS/Fonts/simsun.ttc><C:/WINDOWS/Fonts/simsun.ttc><C:/WIND
OWS/Fonts/simsun.ttc><C:/WINDOWS/Fonts/simsun.ttc><C:/WINDOWS/Fonts/simsun.ttc>
<C:/WINDOWS/Fonts/simsun.ttc><C:/WINDOWS/Fonts/simsun.ttc><C:/WINDOWS/Fonts/sim
sun.ttc><C:/WINDOWS/Fonts/simsun.ttc><C:/WINDOWS/Fonts/simsun.ttc><C:/WINDOWS/F
onts/simsun.ttc><C:/WINDOWS/Fonts/simsun.ttc><C:/WINDOWS/Fonts/simsun.ttc><C:/W
INDOWS/Fonts/simsun.ttc><D:/Program Files/CTEX/MiKTeX/fonts/type1/public/amsfon
ts/cm/cmbx10.pfb><D:/Program Files/CTEX/MiKTeX/fonts/type1/public/amsfonts/cm/c
mbx12.pfb><D:/Program Files/CTEX/MiKTeX/fonts/type1/public/amsfonts/cm/cmbx7.pf
b><D:/Program Files/CTEX/MiKTeX/fonts/type1/public/amsfonts/cm/cmex10.pfb><D:/P
rogram Files/CTEX/MiKTeX/fonts/type1/public/amsfonts/cm/cmmi10.pfb><D:/Program 
Files/CTEX/MiKTeX/fonts/type1/public/amsfonts/cm/cmmi5.pfb><D:/Program Files/CT
EX/MiKTeX/fonts/type1/public/amsfonts/cm/cmmi7.pfb><D:/Program Files/CTEX/MiKTe
X/fonts/type1/public/amsfonts/cm/cmr10.pfb><D:/Program Files/CTEX/MiKTeX/fonts/
type1/public/amsfonts/cm/cmr12.pfb><D:/Program Files/CTEX/MiKTeX/fonts/type1/pu
blic/amsfonts/cm/cmr17.pfb><D:/Program Files/CTEX/MiKTeX/fonts/type1/public/ams
fonts/cm/cmr5.pfb><D:/Program Files/CTEX/MiKTeX/fonts/type1/public/amsfonts/cm/
cmr7.pfb><D:/Program Files/CTEX/MiKTeX/fonts/type1/public/amsfonts/cm/cmsl10.pf
b><D:/Program Files/CTEX/MiKTeX/fonts/type1/public/amsfonts/cm/cmsy10.pfb><D:/P
rogram Files/CTEX/MiKTeX/fonts/type1/public/amsfonts/cm/cmsy7.pfb>
Output written on main.pdf (14 pages, 689054 bytes).
PDF statistics:
 258 PDF objects out of 1000 (max. 8388607)
 0 named destinations out of 1000 (max. 500000)
 76 words of extra memory for PDF output out of 10000 (max. 10000000)

